<?xml version="1.0" encoding="UTF-8"?>
<coverage generated="1750977331001" clover="3.2.0">
  <project timestamp="1750977331001" name="All files">
    <metrics statements="40" coveredstatements="37" conditionals="14" coveredconditionals="11" methods="16" coveredmethods="15" elements="70" coveredelements="63" complexity="0" loc="40" ncloc="40" packages="2" files="7" classes="7"/>
    <package name="src">
      <metrics statements="9" coveredstatements="9" conditionals="0" coveredconditionals="0" methods="4" coveredmethods="4"/>
      <file name="App.jsx" path="C:\Users\zubi_\Desktop\meet\src\App.jsx">
        <metrics statements="2" coveredstatements="2" conditionals="0" coveredconditionals="0" methods="1" coveredmethods="1"/>
        <line num="7" count="1" type="stmt"/>
        <line num="8" count="3" type="stmt"/>
      </file>
      <file name="api.js" path="C:\Users\zubi_\Desktop\meet\src\api.js">
        <metrics statements="6" coveredstatements="6" conditionals="0" coveredconditionals="0" methods="3" coveredmethods="3"/>
        <line num="2" count="2" type="stmt"/>
        <line num="3" count="250" type="stmt"/>
        <line num="4" count="1" type="stmt"/>
        <line num="5" count="1" type="stmt"/>
        <line num="8" count="2" type="stmt"/>
        <line num="9" count="2" type="stmt"/>
      </file>
      <file name="mock-data.js" path="C:\Users\zubi_\Desktop\meet\src\mock-data.js">
        <metrics statements="1" coveredstatements="1" conditionals="0" coveredconditionals="0" methods="0" coveredmethods="0"/>
        <line num="1" count="3" type="stmt"/>
      </file>
    </package>
    <package name="src.components">
      <metrics statements="31" coveredstatements="28" conditionals="14" coveredconditionals="11" methods="12" coveredmethods="11"/>
      <file name="CitySearch.jsx" path="C:\Users\zubi_\Desktop\meet\src\components\CitySearch.jsx">
        <metrics statements="18" coveredstatements="15" conditionals="4" coveredconditionals="3" methods="6" coveredmethods="5"/>
        <line num="3" count="2" type="stmt"/>
        <line num="4" count="16" type="stmt"/>
        <line num="5" count="16" type="stmt"/>
        <line num="6" count="16" type="stmt"/>
        <line num="8" count="16" type="stmt"/>
        <line num="9" count="6" type="stmt"/>
        <line num="10" count="6" type="cond" truecount="1" falsecount="1"/>
        <line num="11" count="90" type="stmt"/>
        <line num="14" count="6" type="stmt"/>
        <line num="15" count="6" type="stmt"/>
        <line num="16" count="6" type="stmt"/>
        <line num="19" count="16" type="stmt"/>
        <line num="20" count="0" type="stmt"/>
        <line num="21" count="0" type="stmt"/>
        <line num="22" count="0" type="stmt"/>
        <line num="25" count="16" type="stmt"/>
        <line num="32" count="2" type="stmt"/>
        <line num="37" count="10" type="stmt"/>
      </file>
      <file name="Event.jsx" path="C:\Users\zubi_\Desktop\meet\src\components\Event.jsx">
        <metrics statements="4" coveredstatements="4" conditionals="8" coveredconditionals="6" methods="2" coveredmethods="2"/>
        <line num="3" count="3" type="stmt"/>
        <line num="4" count="256" type="stmt"/>
        <line num="5" count="256" type="stmt"/>
        <line num="10" count="2" type="stmt"/>
      </file>
      <file name="EventList.jsx" path="C:\Users\zubi_\Desktop\meet\src\components\EventList.jsx">
        <metrics statements="3" coveredstatements="3" conditionals="2" coveredconditionals="2" methods="2" coveredmethods="2"/>
        <line num="4" count="2" type="stmt"/>
        <line num="5" count="6" type="stmt"/>
        <line num="7" count="250" type="cond" truecount="2" falsecount="0"/>
      </file>
      <file name="NumberOfEvents.js" path="C:\Users\zubi_\Desktop\meet\src\components\NumberOfEvents.js">
        <metrics statements="6" coveredstatements="6" conditionals="0" coveredconditionals="0" methods="2" coveredmethods="2"/>
        <line num="3" count="2" type="stmt"/>
        <line num="4" count="14" type="stmt"/>
        <line num="6" count="14" type="stmt"/>
        <line num="7" count="8" type="stmt"/>
        <line num="8" count="8" type="stmt"/>
        <line num="10" count="14" type="stmt"/>
      </file>
    </package>
  </project>
</coverage>
