{"C:\\Users\\zubi_\\Desktop\\meet\\src\\App.jsx": {"path":"C:\\Users\\zubi_\\Desktop\\meet\\src\\App.jsx","statementMap":{"0":{"start":{"line":6,"column":12},"end":{"line":15,"column":1}},"1":{"start":{"line":7,"column":2},"end":{"line":14,"column":4}}},"fnMap":{"0":{"name":"(anonymous_0)","decl":{"start":{"line":6,"column":12},"end":{"line":6,"column":13}},"loc":{"start":{"line":6,"column":18},"end":{"line":15,"column":1}},"line":6}},"branchMap":{},"s":{"0":1,"1":2},"f":{"0":2},"b":{},"_coverageSchema":"1a1c01bbd47fc00a2c39e90264f33305004495a9","hash":"bf8c9bebd8f3a404975df49966230494cb634c5b"}
,"C:\\Users\\zubi_\\Desktop\\meet\\src\\api.js": {"path":"C:\\Users\\zubi_\\Desktop\\meet\\src\\api.js","statementMap":{"0":{"start":{"line":2,"column":32},"end":{"line":6,"column":1}},"1":{"start":{"line":3,"column":31},"end":{"line":3,"column":68}},"2":{"start":{"line":3,"column":53},"end":{"line":3,"column":67}},"3":{"start":{"line":4,"column":22},"end":{"line":4,"column":54}},"4":{"start":{"line":5,"column":4},"end":{"line":5,"column":21}},"5":{"start":{"line":8,"column":25},"end":{"line":10,"column":1}},"6":{"start":{"line":9,"column":4},"end":{"line":9,"column":20}}},"fnMap":{"0":{"name":"(anonymous_0)","decl":{"start":{"line":2,"column":32},"end":{"line":2,"column":33}},"loc":{"start":{"line":2,"column":44},"end":{"line":6,"column":1}},"line":2},"1":{"name":"(anonymous_1)","decl":{"start":{"line":3,"column":42},"end":{"line":3,"column":43}},"loc":{"start":{"line":3,"column":53},"end":{"line":3,"column":67}},"line":3},"2":{"name":"(anonymous_2)","decl":{"start":{"line":8,"column":25},"end":{"line":8,"column":26}},"loc":{"start":{"line":8,"column":37},"end":{"line":10,"column":1}},"line":8}},"branchMap":{},"s":{"0":2,"1":1,"2":250,"3":1,"4":1,"5":2,"6":2},"f":{"0":1,"1":250,"2":2},"b":{},"_coverageSchema":"1a1c01bbd47fc00a2c39e90264f33305004495a9","hash":"ccbc3644a2127f5d45a9b4086a8e3d1d6d5842cc"}
,"C:\\Users\\zubi_\\Desktop\\meet\\src\\mock-data.js": {"path":"C:\\Users\\zubi_\\Desktop\\meet\\src\\mock-data.js","statementMap":{"0":{"start":{"line":1,"column":17},"end":{"line":15062,"column":1}}},"fnMap":{},"branchMap":{},"s":{"0":3},"f":{},"b":{},"_coverageSchema":"1a1c01bbd47fc00a2c39e90264f33305004495a9","hash":"1b7e9d885a6b895e827eff2102d43a477c8f48a8"}
,"C:\\Users\\zubi_\\Desktop\\meet\\src\\components\\CitySearch.jsx": {"path":"C:\\Users\\zubi_\\Desktop\\meet\\src\\components\\CitySearch.jsx","statementMap":{"0":{"start":{"line":3,"column":19},"end":{"line":47,"column":1}},"1":{"start":{"line":4,"column":50},"end":{"line":4,"column":65}},"2":{"start":{"line":5,"column":30},"end":{"line":5,"column":42}},"3":{"start":{"line":6,"column":42},"end":{"line":6,"column":54}},"4":{"start":{"line":8,"column":31},"end":{"line":17,"column":5}},"5":{"start":{"line":9,"column":22},"end":{"line":9,"column":40}},"6":{"start":{"line":10,"column":34},"end":{"line":12,"column":15}},"7":{"start":{"line":11,"column":12},"end":{"line":11,"column":76}},"8":{"start":{"line":14,"column":8},"end":{"line":14,"column":24}},"9":{"start":{"line":15,"column":8},"end":{"line":15,"column":42}},"10":{"start":{"line":16,"column":8},"end":{"line":16,"column":33}},"11":{"start":{"line":19,"column":30},"end":{"line":23,"column":5}},"12":{"start":{"line":20,"column":22},"end":{"line":20,"column":46}},"13":{"start":{"line":21,"column":8},"end":{"line":21,"column":24}},"14":{"start":{"line":22,"column":8},"end":{"line":22,"column":34}},"15":{"start":{"line":25,"column":4},"end":{"line":46,"column":5}},"16":{"start":{"line":32,"column":31},"end":{"line":32,"column":55}},"17":{"start":{"line":37,"column":24},"end":{"line":37,"column":97}}},"fnMap":{"0":{"name":"(anonymous_0)","decl":{"start":{"line":3,"column":19},"end":{"line":3,"column":20}},"loc":{"start":{"line":3,"column":41},"end":{"line":47,"column":1}},"line":3},"1":{"name":"(anonymous_1)","decl":{"start":{"line":8,"column":31},"end":{"line":8,"column":32}},"loc":{"start":{"line":8,"column":42},"end":{"line":17,"column":5}},"line":8},"2":{"name":"(anonymous_2)","decl":{"start":{"line":10,"column":69},"end":{"line":10,"column":70}},"loc":{"start":{"line":10,"column":83},"end":{"line":12,"column":9}},"line":10},"3":{"name":"(anonymous_3)","decl":{"start":{"line":19,"column":30},"end":{"line":19,"column":31}},"loc":{"start":{"line":19,"column":41},"end":{"line":23,"column":5}},"line":19},"4":{"name":"(anonymous_4)","decl":{"start":{"line":32,"column":25},"end":{"line":32,"column":26}},"loc":{"start":{"line":32,"column":31},"end":{"line":32,"column":55}},"line":32},"5":{"name":"(anonymous_5)","decl":{"start":{"line":36,"column":37},"end":{"line":36,"column":38}},"loc":{"start":{"line":36,"column":53},"end":{"line":38,"column":21}},"line":36}},"branchMap":{"0":{"loc":{"start":{"line":10,"column":34},"end":{"line":12,"column":15}},"type":"cond-expr","locations":[{"start":{"line":10,"column":49},"end":{"line":12,"column":10}},{"start":{"line":12,"column":13},"end":{"line":12,"column":15}}],"line":10},"1":{"loc":{"start":{"line":34,"column":13},"end":{"line":43,"column":22}},"type":"cond-expr","locations":[{"start":{"line":35,"column":16},"end":{"line":42,"column":21}},{"start":{"line":43,"column":18},"end":{"line":43,"column":22}}],"line":34}},"s":{"0":2,"1":15,"2":15,"3":15,"4":15,"5":6,"6":6,"7":90,"8":6,"9":6,"10":6,"11":15,"12":0,"13":0,"14":0,"15":15,"16":2,"17":10},"f":{"0":15,"1":6,"2":90,"3":0,"4":2,"5":10},"b":{"0":[6,0],"1":[8,7]},"_coverageSchema":"1a1c01bbd47fc00a2c39e90264f33305004495a9","hash":"cc7f6942fc7350bebbe5040b390343116cf50450"}
,"C:\\Users\\zubi_\\Desktop\\meet\\src\\components\\Event.jsx": {"path":"C:\\Users\\zubi_\\Desktop\\meet\\src\\components\\Event.jsx","statementMap":{"0":{"start":{"line":3,"column":14},"end":{"line":25,"column":1}},"1":{"start":{"line":4,"column":42},"end":{"line":4,"column":57}},"2":{"start":{"line":5,"column":4},"end":{"line":24,"column":6}},"3":{"start":{"line":10,"column":35},"end":{"line":10,"column":63}}},"fnMap":{"0":{"name":"(anonymous_0)","decl":{"start":{"line":3,"column":14},"end":{"line":3,"column":15}},"loc":{"start":{"line":3,"column":29},"end":{"line":25,"column":1}},"line":3},"1":{"name":"(anonymous_1)","decl":{"start":{"line":10,"column":29},"end":{"line":10,"column":30}},"loc":{"start":{"line":10,"column":35},"end":{"line":10,"column":63}},"line":10}},"branchMap":{"0":{"loc":{"start":{"line":11,"column":17},"end":{"line":11,"column":62}},"type":"cond-expr","locations":[{"start":{"line":11,"column":31},"end":{"line":11,"column":45}},{"start":{"line":11,"column":48},"end":{"line":11,"column":62}}],"line":11},"1":{"loc":{"start":{"line":14,"column":13},"end":{"line":22,"column":13}},"type":"cond-expr","locations":[{"start":{"line":15,"column":16},"end":{"line":19,"column":22}},{"start":{"line":21,"column":16},"end":{"line":21,"column":21}}],"line":14},"2":{"loc":{"start":{"line":17,"column":31},"end":{"line":17,"column":71}},"type":"binary-expr","locations":[{"start":{"line":17,"column":31},"end":{"line":17,"column":51}},{"start":{"line":17,"column":55},"end":{"line":17,"column":71}}],"line":17},"3":{"loc":{"start":{"line":18,"column":29},"end":{"line":18,"column":65}},"type":"binary-expr","locations":[{"start":{"line":18,"column":29},"end":{"line":18,"column":47}},{"start":{"line":18,"column":51},"end":{"line":18,"column":65}}],"line":18}},"s":{"0":3,"1":256,"2":256,"3":2},"f":{"0":256,"1":2},"b":{"0":[1,255],"1":[1,255],"2":[1,0],"3":[1,0]},"_coverageSchema":"1a1c01bbd47fc00a2c39e90264f33305004495a9","hash":"bd8b7ad69710b4deebbf5b0d8a5aa488363a314f"}
,"C:\\Users\\zubi_\\Desktop\\meet\\src\\components\\EventList.jsx": {"path":"C:\\Users\\zubi_\\Desktop\\meet\\src\\components\\EventList.jsx","statementMap":{"0":{"start":{"line":4,"column":18},"end":{"line":10,"column":1}},"1":{"start":{"line":5,"column":4},"end":{"line":9,"column":6}},"2":{"start":{"line":7,"column":42},"end":{"line":7,"column":80}}},"fnMap":{"0":{"name":"(anonymous_0)","decl":{"start":{"line":4,"column":18},"end":{"line":4,"column":19}},"loc":{"start":{"line":4,"column":34},"end":{"line":10,"column":1}},"line":4},"1":{"name":"(anonymous_1)","decl":{"start":{"line":7,"column":33},"end":{"line":7,"column":34}},"loc":{"start":{"line":7,"column":42},"end":{"line":7,"column":80}},"line":7}},"branchMap":{"0":{"loc":{"start":{"line":7,"column":13},"end":{"line":7,"column":88}},"type":"cond-expr","locations":[{"start":{"line":7,"column":22},"end":{"line":7,"column":81}},{"start":{"line":7,"column":84},"end":{"line":7,"column":88}}],"line":7}},"s":{"0":2,"1":5,"2":250},"f":{"0":5,"1":250},"b":{"0":[1,4]},"_coverageSchema":"1a1c01bbd47fc00a2c39e90264f33305004495a9","hash":"e9a8a07c0cc3e2155527dede912bb14111eb5c53"}
}
