{"C:\\Users\\zubi_\\Desktop\\meet\\src\\App.jsx": {"path":"C:\\Users\\zubi_\\Desktop\\meet\\src\\App.jsx","statementMap":{"0":{"start":{"line":10,"column":12},"end":{"line":40,"column":1}},"1":{"start":{"line":11,"column":30},"end":{"line":11,"column":42}},"2":{"start":{"line":12,"column":38},"end":{"line":12,"column":50}},"3":{"start":{"line":13,"column":42},"end":{"line":13,"column":54}},"4":{"start":{"line":14,"column":40},"end":{"line":14,"column":66}},"5":{"start":{"line":16,"column":20},"end":{"line":24,"column":3}},"6":{"start":{"line":17,"column":22},"end":{"line":17,"column":39}},"7":{"start":{"line":18,"column":27},"end":{"line":20,"column":63}},"8":{"start":{"line":20,"column":32},"end":{"line":20,"column":62}},"9":{"start":{"line":21,"column":4},"end":{"line":21,"column":51}},"10":{"start":{"line":22,"column":22},"end":{"line":22,"column":49}},"11":{"start":{"line":23,"column":4},"end":{"line":23,"column":31}},"12":{"start":{"line":25,"column":2},"end":{"line":27,"column":32}},"13":{"start":{"line":26,"column":4},"end":{"line":26,"column":16}},"14":{"start":{"line":29,"column":2},"end":{"line":39,"column":4}}},"fnMap":{"0":{"name":"(anonymous_0)","decl":{"start":{"line":10,"column":12},"end":{"line":10,"column":13}},"loc":{"start":{"line":10,"column":18},"end":{"line":40,"column":1}},"line":10},"1":{"name":"(anonymous_1)","decl":{"start":{"line":16,"column":20},"end":{"line":16,"column":21}},"loc":{"start":{"line":16,"column":32},"end":{"line":24,"column":3}},"line":16},"2":{"name":"(anonymous_2)","decl":{"start":{"line":20,"column":23},"end":{"line":20,"column":24}},"loc":{"start":{"line":20,"column":32},"end":{"line":20,"column":62}},"line":20},"3":{"name":"(anonymous_3)","decl":{"start":{"line":25,"column":12},"end":{"line":25,"column":13}},"loc":{"start":{"line":25,"column":18},"end":{"line":27,"column":3}},"line":25}},"branchMap":{"0":{"loc":{"start":{"line":18,"column":27},"end":{"line":20,"column":63}},"type":"cond-expr","locations":[{"start":{"line":19,"column":6},"end":{"line":19,"column":15}},{"start":{"line":20,"column":6},"end":{"line":20,"column":63}}],"line":18}},"s":{"0":3,"1":12,"2":11,"3":11,"4":11,"5":11,"6":7,"7":7,"8":250,"9":7,"10":7,"11":7,"12":11,"13":7,"14":11},"f":{"0":12,"1":7,"2":250,"3":7},"b":{"0":[6,1]},"_coverageSchema":"1a1c01bbd47fc00a2c39e90264f33305004495a9","hash":"95bbbdec41273cc81301e72f662d985faf392262"}
,"C:\\Users\\zubi_\\Desktop\\meet\\src\\api.js": {"path":"C:\\Users\\zubi_\\Desktop\\meet\\src\\api.js","statementMap":{"0":{"start":{"line":2,"column":32},"end":{"line":6,"column":1}},"1":{"start":{"line":3,"column":31},"end":{"line":3,"column":68}},"2":{"start":{"line":3,"column":53},"end":{"line":3,"column":67}},"3":{"start":{"line":4,"column":22},"end":{"line":4,"column":54}},"4":{"start":{"line":5,"column":4},"end":{"line":5,"column":21}},"5":{"start":{"line":8,"column":25},"end":{"line":10,"column":1}},"6":{"start":{"line":9,"column":4},"end":{"line":9,"column":20}}},"fnMap":{"0":{"name":"(anonymous_0)","decl":{"start":{"line":2,"column":32},"end":{"line":2,"column":33}},"loc":{"start":{"line":2,"column":44},"end":{"line":6,"column":1}},"line":2},"1":{"name":"(anonymous_1)","decl":{"start":{"line":3,"column":42},"end":{"line":3,"column":43}},"loc":{"start":{"line":3,"column":53},"end":{"line":3,"column":67}},"line":3},"2":{"name":"(anonymous_2)","decl":{"start":{"line":8,"column":25},"end":{"line":8,"column":26}},"loc":{"start":{"line":8,"column":37},"end":{"line":10,"column":1}},"line":8}},"branchMap":{},"s":{"0":3,"1":13,"2":3250,"3":13,"4":13,"5":3,"6":15},"f":{"0":13,"1":3250,"2":15},"b":{},"_coverageSchema":"1a1c01bbd47fc00a2c39e90264f33305004495a9","hash":"ccbc3644a2127f5d45a9b4086a8e3d1d6d5842cc"}
,"C:\\Users\\zubi_\\Desktop\\meet\\src\\mock-data.js": {"path":"C:\\Users\\zubi_\\Desktop\\meet\\src\\mock-data.js","statementMap":{"0":{"start":{"line":1,"column":17},"end":{"line":15062,"column":1}}},"fnMap":{},"branchMap":{},"s":{"0":4},"f":{},"b":{},"_coverageSchema":"1a1c01bbd47fc00a2c39e90264f33305004495a9","hash":"1b7e9d885a6b895e827eff2102d43a477c8f48a8"}
,"C:\\Users\\zubi_\\Desktop\\meet\\src\\components\\CitySearch.jsx": {"path":"C:\\Users\\zubi_\\Desktop\\meet\\src\\components\\CitySearch.jsx","statementMap":{"0":{"start":{"line":3,"column":19},"end":{"line":52,"column":1}},"1":{"start":{"line":4,"column":50},"end":{"line":4,"column":65}},"2":{"start":{"line":5,"column":30},"end":{"line":5,"column":42}},"3":{"start":{"line":6,"column":42},"end":{"line":6,"column":54}},"4":{"start":{"line":8,"column":31},"end":{"line":17,"column":5}},"5":{"start":{"line":9,"column":22},"end":{"line":9,"column":40}},"6":{"start":{"line":10,"column":34},"end":{"line":12,"column":15}},"7":{"start":{"line":11,"column":12},"end":{"line":11,"column":76}},"8":{"start":{"line":14,"column":8},"end":{"line":14,"column":24}},"9":{"start":{"line":15,"column":8},"end":{"line":15,"column":42}},"10":{"start":{"line":16,"column":8},"end":{"line":16,"column":33}},"11":{"start":{"line":19,"column":30},"end":{"line":24,"column":5}},"12":{"start":{"line":20,"column":22},"end":{"line":20,"column":46}},"13":{"start":{"line":21,"column":8},"end":{"line":21,"column":24}},"14":{"start":{"line":22,"column":8},"end":{"line":22,"column":34}},"15":{"start":{"line":23,"column":8},"end":{"line":23,"column":30}},"16":{"start":{"line":26,"column":4},"end":{"line":28,"column":28}},"17":{"start":{"line":27,"column":8},"end":{"line":27,"column":37}},"18":{"start":{"line":30,"column":4},"end":{"line":51,"column":5}},"19":{"start":{"line":37,"column":31},"end":{"line":37,"column":55}},"20":{"start":{"line":42,"column":24},"end":{"line":42,"column":97}}},"fnMap":{"0":{"name":"(anonymous_0)","decl":{"start":{"line":3,"column":19},"end":{"line":3,"column":20}},"loc":{"start":{"line":3,"column":57},"end":{"line":52,"column":1}},"line":3},"1":{"name":"(anonymous_1)","decl":{"start":{"line":8,"column":31},"end":{"line":8,"column":32}},"loc":{"start":{"line":8,"column":42},"end":{"line":17,"column":5}},"line":8},"2":{"name":"(anonymous_2)","decl":{"start":{"line":10,"column":69},"end":{"line":10,"column":70}},"loc":{"start":{"line":10,"column":83},"end":{"line":12,"column":9}},"line":10},"3":{"name":"(anonymous_3)","decl":{"start":{"line":19,"column":30},"end":{"line":19,"column":31}},"loc":{"start":{"line":19,"column":41},"end":{"line":24,"column":5}},"line":19},"4":{"name":"(anonymous_4)","decl":{"start":{"line":26,"column":14},"end":{"line":26,"column":15}},"loc":{"start":{"line":26,"column":20},"end":{"line":28,"column":5}},"line":26},"5":{"name":"(anonymous_5)","decl":{"start":{"line":37,"column":25},"end":{"line":37,"column":26}},"loc":{"start":{"line":37,"column":31},"end":{"line":37,"column":55}},"line":37},"6":{"name":"(anonymous_6)","decl":{"start":{"line":41,"column":37},"end":{"line":41,"column":38}},"loc":{"start":{"line":41,"column":53},"end":{"line":43,"column":21}},"line":41}},"branchMap":{"0":{"loc":{"start":{"line":10,"column":34},"end":{"line":12,"column":15}},"type":"cond-expr","locations":[{"start":{"line":10,"column":49},"end":{"line":12,"column":10}},{"start":{"line":12,"column":13},"end":{"line":12,"column":15}}],"line":10},"1":{"loc":{"start":{"line":39,"column":13},"end":{"line":48,"column":22}},"type":"cond-expr","locations":[{"start":{"line":40,"column":16},"end":{"line":47,"column":21}},{"start":{"line":48,"column":18},"end":{"line":48,"column":22}}],"line":39}},"s":{"0":3,"1":46,"2":46,"3":46,"4":46,"5":12,"6":12,"7":180,"8":12,"9":12,"10":12,"11":46,"12":2,"13":2,"14":2,"15":2,"16":46,"17":13,"18":46,"19":4,"20":80},"f":{"0":46,"1":12,"2":180,"3":2,"4":13,"5":4,"6":80},"b":{"0":[12,0],"1":[17,29]},"_coverageSchema":"1a1c01bbd47fc00a2c39e90264f33305004495a9","hash":"bd14b7f4e3133efe77045cc1732233e73a1b35a1"}
,"C:\\Users\\zubi_\\Desktop\\meet\\src\\components\\Event.jsx": {"path":"C:\\Users\\zubi_\\Desktop\\meet\\src\\components\\Event.jsx","statementMap":{"0":{"start":{"line":3,"column":14},"end":{"line":25,"column":1}},"1":{"start":{"line":4,"column":42},"end":{"line":4,"column":57}},"2":{"start":{"line":5,"column":4},"end":{"line":24,"column":6}},"3":{"start":{"line":10,"column":35},"end":{"line":10,"column":63}}},"fnMap":{"0":{"name":"(anonymous_0)","decl":{"start":{"line":3,"column":14},"end":{"line":3,"column":15}},"loc":{"start":{"line":3,"column":29},"end":{"line":25,"column":1}},"line":3},"1":{"name":"(anonymous_1)","decl":{"start":{"line":10,"column":29},"end":{"line":10,"column":30}},"loc":{"start":{"line":10,"column":35},"end":{"line":10,"column":63}},"line":10}},"branchMap":{"0":{"loc":{"start":{"line":11,"column":17},"end":{"line":11,"column":62}},"type":"cond-expr","locations":[{"start":{"line":11,"column":31},"end":{"line":11,"column":45}},{"start":{"line":11,"column":48},"end":{"line":11,"column":62}}],"line":11},"1":{"loc":{"start":{"line":14,"column":13},"end":{"line":22,"column":13}},"type":"cond-expr","locations":[{"start":{"line":15,"column":16},"end":{"line":19,"column":22}},{"start":{"line":21,"column":16},"end":{"line":21,"column":21}}],"line":14},"2":{"loc":{"start":{"line":17,"column":31},"end":{"line":17,"column":71}},"type":"binary-expr","locations":[{"start":{"line":17,"column":31},"end":{"line":17,"column":51}},{"start":{"line":17,"column":55},"end":{"line":17,"column":71}}],"line":17},"3":{"loc":{"start":{"line":18,"column":29},"end":{"line":18,"column":65}},"type":"binary-expr","locations":[{"start":{"line":18,"column":29},"end":{"line":18,"column":47}},{"start":{"line":18,"column":51},"end":{"line":18,"column":65}}],"line":18}},"s":{"0":4,"1":416,"2":416,"3":2},"f":{"0":416,"1":2},"b":{"0":[1,415],"1":[1,415],"2":[1,0],"3":[1,0]},"_coverageSchema":"1a1c01bbd47fc00a2c39e90264f33305004495a9","hash":"bd8b7ad69710b4deebbf5b0d8a5aa488363a314f"}
,"C:\\Users\\zubi_\\Desktop\\meet\\src\\components\\EventList.jsx": {"path":"C:\\Users\\zubi_\\Desktop\\meet\\src\\components\\EventList.jsx","statementMap":{"0":{"start":{"line":4,"column":18},"end":{"line":10,"column":1}},"1":{"start":{"line":5,"column":4},"end":{"line":9,"column":6}},"2":{"start":{"line":7,"column":42},"end":{"line":7,"column":80}}},"fnMap":{"0":{"name":"(anonymous_0)","decl":{"start":{"line":4,"column":18},"end":{"line":4,"column":19}},"loc":{"start":{"line":4,"column":34},"end":{"line":10,"column":1}},"line":4},"1":{"name":"(anonymous_1)","decl":{"start":{"line":7,"column":33},"end":{"line":7,"column":34}},"loc":{"start":{"line":7,"column":42},"end":{"line":7,"column":80}},"line":7}},"branchMap":{"0":{"loc":{"start":{"line":7,"column":13},"end":{"line":7,"column":88}},"type":"cond-expr","locations":[{"start":{"line":7,"column":22},"end":{"line":7,"column":81}},{"start":{"line":7,"column":84},"end":{"line":7,"column":88}}],"line":7}},"s":{"0":3,"1":15,"2":410},"f":{"0":15,"1":410},"b":{"0":[12,3]},"_coverageSchema":"1a1c01bbd47fc00a2c39e90264f33305004495a9","hash":"e9a8a07c0cc3e2155527dede912bb14111eb5c53"}
,"C:\\Users\\zubi_\\Desktop\\meet\\src\\components\\NumberOfEvents.jsx": {"path":"C:\\Users\\zubi_\\Desktop\\meet\\src\\components\\NumberOfEvents.jsx","statementMap":{"0":{"start":{"line":3,"column":23},"end":{"line":21,"column":1}},"1":{"start":{"line":4,"column":48},"end":{"line":4,"column":60}},"2":{"start":{"line":6,"column":30},"end":{"line":9,"column":5}},"3":{"start":{"line":7,"column":22},"end":{"line":7,"column":40}},"4":{"start":{"line":8,"column":8},"end":{"line":8,"column":41}},"5":{"start":{"line":10,"column":4},"end":{"line":20,"column":6}}},"fnMap":{"0":{"name":"(anonymous_0)","decl":{"start":{"line":3,"column":23},"end":{"line":3,"column":24}},"loc":{"start":{"line":3,"column":29},"end":{"line":21,"column":1}},"line":3},"1":{"name":"(anonymous_1)","decl":{"start":{"line":6,"column":30},"end":{"line":6,"column":31}},"loc":{"start":{"line":6,"column":41},"end":{"line":9,"column":5}},"line":6}},"branchMap":{},"s":{"0":4,"1":22,"2":22,"3":8,"4":8,"5":22},"f":{"0":22,"1":8},"b":{},"_coverageSchema":"1a1c01bbd47fc00a2c39e90264f33305004495a9","hash":"1c8bd1465dc45f5c17301617b33b3be3aa7d59cb"}
}
