TN:
SF:src\App.jsx
FN:10,(anonymous_0)
FN:16,(anonymous_1)
FN:20,(anonymous_2)
FN:25,(anonymous_3)
FNF:4
FNH:4
FNDA:12,(anonymous_0)
FNDA:7,(anonymous_1)
FNDA:250,(anonymous_2)
FNDA:7,(anonymous_3)
DA:10,3
DA:11,12
DA:12,11
DA:13,11
DA:14,11
DA:16,11
DA:17,7
DA:18,7
DA:20,250
DA:21,7
DA:22,7
DA:23,7
DA:25,11
DA:26,7
DA:29,11
LF:15
LH:15
BRDA:18,0,0,6
BRDA:18,0,1,1
BRF:2
BRH:2
end_of_record
TN:
SF:src\api.js
FN:2,(anonymous_0)
FN:3,(anonymous_1)
FN:8,(anonymous_2)
FNF:3
FNH:3
FNDA:13,(anonymous_0)
FNDA:3250,(anonymous_1)
FNDA:15,(anonymous_2)
DA:2,3
DA:3,3250
DA:4,13
DA:5,13
DA:8,3
DA:9,15
LF:6
LH:6
BRF:0
BRH:0
end_of_record
TN:
SF:src\mock-data.js
FNF:0
FNH:0
DA:1,4
LF:1
LH:1
BRF:0
BRH:0
end_of_record
TN:
SF:src\components\CitySearch.jsx
FN:3,(anonymous_0)
FN:8,(anonymous_1)
FN:10,(anonymous_2)
FN:19,(anonymous_3)
FN:26,(anonymous_4)
FN:37,(anonymous_5)
FN:41,(anonymous_6)
FNF:7
FNH:7
FNDA:46,(anonymous_0)
FNDA:12,(anonymous_1)
FNDA:180,(anonymous_2)
FNDA:2,(anonymous_3)
FNDA:13,(anonymous_4)
FNDA:4,(anonymous_5)
FNDA:80,(anonymous_6)
DA:3,3
DA:4,46
DA:5,46
DA:6,46
DA:8,46
DA:9,12
DA:10,12
DA:11,180
DA:14,12
DA:15,12
DA:16,12
DA:19,46
DA:20,2
DA:21,2
DA:22,2
DA:23,2
DA:26,46
DA:27,13
DA:30,46
DA:37,4
DA:42,80
LF:21
LH:21
BRDA:10,0,0,12
BRDA:10,0,1,0
BRDA:39,1,0,17
BRDA:39,1,1,29
BRF:4
BRH:3
end_of_record
TN:
SF:src\components\Event.jsx
FN:3,(anonymous_0)
FN:10,(anonymous_1)
FNF:2
FNH:2
FNDA:416,(anonymous_0)
FNDA:2,(anonymous_1)
DA:3,4
DA:4,416
DA:5,416
DA:10,2
LF:4
LH:4
BRDA:11,0,0,1
BRDA:11,0,1,415
BRDA:14,1,0,1
BRDA:14,1,1,415
BRDA:17,2,0,1
BRDA:17,2,1,0
BRDA:18,3,0,1
BRDA:18,3,1,0
BRF:8
BRH:6
end_of_record
TN:
SF:src\components\EventList.jsx
FN:4,(anonymous_0)
FN:7,(anonymous_1)
FNF:2
FNH:2
FNDA:15,(anonymous_0)
FNDA:410,(anonymous_1)
DA:4,3
DA:5,15
DA:7,410
LF:3
LH:3
BRDA:7,0,0,12
BRDA:7,0,1,3
BRF:2
BRH:2
end_of_record
TN:
SF:src\components\NumberOfEvents.jsx
FN:3,(anonymous_0)
FN:6,(anonymous_1)
FNF:2
FNH:2
FNDA:22,(anonymous_0)
FNDA:8,(anonymous_1)
DA:3,4
DA:4,22
DA:6,22
DA:7,8
DA:8,8
DA:10,22
LF:6
LH:6
BRF:0
BRH:0
end_of_record
