TN:
SF:src\App.jsx
FN:7,(anonymous_0)
FNF:1
FNH:1
FNDA:3,(anonymous_0)
DA:7,1
DA:8,3
LF:2
LH:2
BRF:0
BRH:0
end_of_record
TN:
SF:src\api.js
FN:2,(anonymous_0)
FN:3,(anonymous_1)
FN:8,(anonymous_2)
FNF:3
FNH:3
FNDA:1,(anonymous_0)
FNDA:250,(anonymous_1)
FNDA:2,(anonymous_2)
DA:2,2
DA:3,250
DA:4,1
DA:5,1
DA:8,2
DA:9,2
LF:6
LH:6
BRF:0
BRH:0
end_of_record
TN:
SF:src\mock-data.js
FNF:0
FNH:0
DA:1,3
LF:1
LH:1
BRF:0
BRH:0
end_of_record
TN:
SF:src\components\CitySearch.jsx
FN:3,(anonymous_0)
FN:8,(anonymous_1)
FN:10,(anonymous_2)
FN:19,(anonymous_3)
FN:32,(anonymous_4)
FN:36,(anonymous_5)
FNF:6
FNH:5
FNDA:16,(anonymous_0)
FNDA:6,(anonymous_1)
FNDA:90,(anonymous_2)
FNDA:0,(anonymous_3)
FNDA:2,(anonymous_4)
FNDA:10,(anonymous_5)
DA:3,2
DA:4,16
DA:5,16
DA:6,16
DA:8,16
DA:9,6
DA:10,6
DA:11,90
DA:14,6
DA:15,6
DA:16,6
DA:19,16
DA:20,0
DA:21,0
DA:22,0
DA:25,16
DA:32,2
DA:37,10
LF:18
LH:15
BRDA:10,0,0,6
BRDA:10,0,1,0
BRDA:34,1,0,8
BRDA:34,1,1,8
BRF:4
BRH:3
end_of_record
TN:
SF:src\components\Event.jsx
FN:3,(anonymous_0)
FN:10,(anonymous_1)
FNF:2
FNH:2
FNDA:256,(anonymous_0)
FNDA:2,(anonymous_1)
DA:3,3
DA:4,256
DA:5,256
DA:10,2
LF:4
LH:4
BRDA:11,0,0,1
BRDA:11,0,1,255
BRDA:14,1,0,1
BRDA:14,1,1,255
BRDA:17,2,0,1
BRDA:17,2,1,0
BRDA:18,3,0,1
BRDA:18,3,1,0
BRF:8
BRH:6
end_of_record
TN:
SF:src\components\EventList.jsx
FN:4,(anonymous_0)
FN:7,(anonymous_1)
FNF:2
FNH:2
FNDA:6,(anonymous_0)
FNDA:250,(anonymous_1)
DA:4,2
DA:5,6
DA:7,250
LF:3
LH:3
BRDA:7,0,0,1
BRDA:7,0,1,5
BRF:2
BRH:2
end_of_record
TN:
SF:src\components\NumberOfEvents.js
FN:3,(anonymous_0)
FN:6,(anonymous_1)
FNF:2
FNH:2
FNDA:14,(anonymous_0)
FNDA:8,(anonymous_1)
DA:3,2
DA:4,14
DA:6,14
DA:7,8
DA:8,8
DA:10,14
LF:6
LH:6
BRF:0
BRH:0
end_of_record
